<?xml version="1.0" encoding="UTF-8"?>
<coverage generated="1603885669851" clover="3.2.0">
  <project timestamp="1603885669851" name="All files">
    <metrics statements="50" coveredstatements="35" conditionals="41" coveredconditionals="17" methods="9" coveredmethods="7" elements="100" coveredelements="59" complexity="0" loc="50" ncloc="50" packages="4" files="5" classes="5"/>
    <package name="client">
      <metrics statements="3" coveredstatements="3" conditionals="0" coveredconditionals="0" methods="1" coveredmethods="1"/>
      <file name="getSpecie.js" path="C:\Users\vicse\Desktop\rimac-service\src\client\getSpecie.js">
        <metrics statements="3" coveredstatements="3" conditionals="0" coveredconditionals="0" methods="1" coveredmethods="1"/>
        <line num="5" count="1" type="stmt"/>
        <line num="6" count="1" type="stmt"/>
        <line num="8" count="1" type="stmt"/>
      </file>
    </package>
    <package name="db">
      <metrics statements="22" coveredstatements="18" conditionals="16" coveredconditionals="10" methods="3" coveredmethods="3"/>
      <file name="dynamodb.js" path="C:\Users\vicse\Desktop\rimac-service\src\db\dynamodb.js">
        <metrics statements="22" coveredstatements="18" conditionals="16" coveredconditionals="10" methods="3" coveredmethods="3"/>
        <line num="3" count="2" type="stmt"/>
        <line num="5" count="2" type="cond" truecount="1" falsecount="1"/>
        <line num="6" count="2" type="stmt"/>
        <line num="13" count="2" type="stmt"/>
        <line num="15" count="2" type="stmt"/>
        <line num="17" count="1" type="stmt"/>
        <line num="24" count="1" type="stmt"/>
        <line num="26" count="1" type="cond" truecount="3" falsecount="1"/>
        <line num="27" count="0" type="stmt"/>
        <line num="32" count="1" type="stmt"/>
        <line num="36" count="2" type="cond" truecount="2" falsecount="2"/>
        <line num="37" count="0" type="stmt"/>
        <line num="40" count="2" type="stmt"/>
        <line num="45" count="2" type="stmt"/>
        <line num="47" count="1" type="cond" truecount="1" falsecount="1"/>
        <line num="48" count="0" type="stmt"/>
        <line num="53" count="1" type="stmt"/>
        <line num="57" count="1" type="stmt"/>
        <line num="61" count="1" type="stmt"/>
        <line num="63" count="1" type="cond" truecount="3" falsecount="1"/>
        <line num="64" count="0" type="stmt"/>
        <line num="69" count="1" type="stmt"/>
      </file>
    </package>
    <package name="handlers">
      <metrics statements="8" coveredstatements="7" conditionals="0" coveredconditionals="0" methods="2" coveredmethods="2"/>
      <file name="createPerson.js" path="C:\Users\vicse\Desktop\rimac-service\src\handlers\createPerson.js">
        <metrics statements="8" coveredstatements="7" conditionals="0" coveredconditionals="0" methods="2" coveredmethods="2"/>
        <line num="9" count="1" type="stmt"/>
        <line num="10" count="1" type="stmt"/>
        <line num="12" count="1" type="stmt"/>
        <line num="20" count="1" type="stmt"/>
        <line num="22" count="1" type="stmt"/>
        <line num="23" count="1" type="stmt"/>
        <line num="26" count="0" type="stmt"/>
        <line num="32" count="1" type="stmt"/>
      </file>
    </package>
    <package name="tests.z_tests.testUtils">
      <metrics statements="17" coveredstatements="7" conditionals="25" coveredconditionals="7" methods="3" coveredmethods="1"/>
      <file name="eventGenerator.js" path="C:\Users\vicse\Desktop\rimac-service\src\tests\z_tests\testUtils\eventGenerator.js">
        <metrics statements="4" coveredstatements="4" conditionals="8" coveredconditionals="7" methods="1" coveredmethods="1"/>
        <line num="1" count="1" type="stmt"/>
        <line num="9" count="1" type="stmt"/>
        <line num="49" count="1" type="stmt"/>
        <line num="52" count="1" type="stmt"/>
      </file>
      <file name="validators.js" path="C:\Users\vicse\Desktop\rimac-service\src\tests\z_tests\testUtils\validators.js">
        <metrics statements="13" coveredstatements="3" conditionals="17" coveredconditionals="0" methods="2" coveredmethods="0"/>
        <line num="1" count="1" type="stmt"/>
        <line num="2" count="0" type="stmt"/>
        <line num="4" count="0" type="cond" truecount="0" falsecount="5"/>
        <line num="5" count="0" type="cond" truecount="0" falsecount="2"/>
        <line num="6" count="0" type="cond" truecount="0" falsecount="2"/>
        <line num="7" count="0" type="cond" truecount="0" falsecount="2"/>
        <line num="8" count="0" type="stmt"/>
        <line num="11" count="1" type="stmt"/>
        <line num="12" count="0" type="cond" truecount="0" falsecount="2"/>
        <line num="13" count="0" type="cond" truecount="0" falsecount="2"/>
        <line num="14" count="0" type="cond" truecount="0" falsecount="2"/>
        <line num="16" count="0" type="stmt"/>
        <line num="19" count="1" type="stmt"/>
      </file>
    </package>
  </project>
</coverage>
