{"C:\\Users\\vicse\\Desktop\\rimac-service\\src\\client\\getSpecie.js": {"path":"C:\\Users\\vicse\\Desktop\\rimac-service\\src\\client\\getSpecie.js","statementMap":{"0":{"start":{"line":5,"column":17},"end":{"line":5,"column":82}},"1":{"start":{"line":6,"column":86},"end":{"line":6,"column":101}},"2":{"start":{"line":8,"column":4},"end":{"line":15,"column":6}}},"fnMap":{"0":{"name":"getSpecie","decl":{"start":{"line":3,"column":22},"end":{"line":3,"column":31}},"loc":{"start":{"line":3,"column":42},"end":{"line":17,"column":1}},"line":3}},"branchMap":{},"s":{"0":1,"1":1,"2":1},"f":{"0":1},"b":{},"_coverageSchema":"1a1c01bbd47fc00a2c39e90264f33305004495a9","hash":"1ee5d2cd881fadaab45f6bf456c9e27063b68789"}
,"C:\\Users\\vicse\\Desktop\\rimac-service\\src\\db\\dynamodb.js": {"path":"C:\\Users\\vicse\\Desktop\\rimac-service\\src\\db\\dynamodb.js","statementMap":{"0":{"start":{"line":3,"column":14},"end":{"line":3,"column":16}},"1":{"start":{"line":5,"column":0},"end":{"line":11,"column":1}},"2":{"start":{"line":6,"column":2},"end":{"line":10,"column":4}},"3":{"start":{"line":13,"column":23},"end":{"line":13,"column":63}},"4":{"start":{"line":15,"column":24},"end":{"line":71,"column":1}},"5":{"start":{"line":17,"column":19},"end":{"line":22,"column":5}},"6":{"start":{"line":24,"column":17},"end":{"line":24,"column":59}},"7":{"start":{"line":26,"column":4},"end":{"line":30,"column":5}},"8":{"start":{"line":27,"column":6},"end":{"line":29,"column":8}},"9":{"start":{"line":32,"column":4},"end":{"line":32,"column":21}},"10":{"start":{"line":36,"column":4},"end":{"line":38,"column":5}},"11":{"start":{"line":37,"column":6},"end":{"line":37,"column":56}},"12":{"start":{"line":40,"column":19},"end":{"line":43,"column":5}},"13":{"start":{"line":45,"column":16},"end":{"line":45,"column":58}},"14":{"start":{"line":47,"column":4},"end":{"line":51,"column":5}},"15":{"start":{"line":48,"column":6},"end":{"line":50,"column":8}},"16":{"start":{"line":53,"column":4},"end":{"line":53,"column":16}},"17":{"start":{"line":57,"column":19},"end":{"line":59,"column":5}},"18":{"start":{"line":61,"column":17},"end":{"line":61,"column":60}},"19":{"start":{"line":63,"column":4},"end":{"line":67,"column":5}},"20":{"start":{"line":64,"column":6},"end":{"line":66,"column":8}},"21":{"start":{"line":69,"column":4},"end":{"line":69,"column":22}}},"fnMap":{"0":{"name":"(anonymous_0)","decl":{"start":{"line":16,"column":2},"end":{"line":16,"column":3}},"loc":{"start":{"line":16,"column":27},"end":{"line":33,"column":3}},"line":16},"1":{"name":"(anonymous_1)","decl":{"start":{"line":35,"column":2},"end":{"line":35,"column":3}},"loc":{"start":{"line":35,"column":29},"end":{"line":54,"column":3}},"line":35},"2":{"name":"(anonymous_2)","decl":{"start":{"line":56,"column":2},"end":{"line":56,"column":3}},"loc":{"start":{"line":56,"column":24},"end":{"line":70,"column":3}},"line":56}},"branchMap":{"0":{"loc":{"start":{"line":5,"column":0},"end":{"line":11,"column":1}},"type":"if","locations":[{"start":{"line":5,"column":0},"end":{"line":11,"column":1}},{"start":{"line":5,"column":0},"end":{"line":11,"column":1}}],"line":5},"1":{"loc":{"start":{"line":26,"column":4},"end":{"line":30,"column":5}},"type":"if","locations":[{"start":{"line":26,"column":4},"end":{"line":30,"column":5}},{"start":{"line":26,"column":4},"end":{"line":30,"column":5}}],"line":26},"2":{"loc":{"start":{"line":26,"column":8},"end":{"line":26,"column":27}},"type":"binary-expr","locations":[{"start":{"line":26,"column":8},"end":{"line":26,"column":13}},{"start":{"line":26,"column":17},"end":{"line":26,"column":27}}],"line":26},"3":{"loc":{"start":{"line":36,"column":4},"end":{"line":38,"column":5}},"type":"if","locations":[{"start":{"line":36,"column":4},"end":{"line":38,"column":5}},{"start":{"line":36,"column":4},"end":{"line":38,"column":5}}],"line":36},"4":{"loc":{"start":{"line":36,"column":8},"end":{"line":36,"column":36}},"type":"binary-expr","locations":[{"start":{"line":36,"column":8},"end":{"line":36,"column":18}},{"start":{"line":36,"column":22},"end":{"line":36,"column":36}}],"line":36},"5":{"loc":{"start":{"line":47,"column":4},"end":{"line":51,"column":5}},"type":"if","locations":[{"start":{"line":47,"column":4},"end":{"line":51,"column":5}},{"start":{"line":47,"column":4},"end":{"line":51,"column":5}}],"line":47},"6":{"loc":{"start":{"line":63,"column":4},"end":{"line":67,"column":5}},"type":"if","locations":[{"start":{"line":63,"column":4},"end":{"line":67,"column":5}},{"start":{"line":63,"column":4},"end":{"line":67,"column":5}}],"line":63},"7":{"loc":{"start":{"line":63,"column":8},"end":{"line":63,"column":28}},"type":"binary-expr","locations":[{"start":{"line":63,"column":8},"end":{"line":63,"column":13}},{"start":{"line":63,"column":17},"end":{"line":63,"column":28}}],"line":63}},"s":{"0":2,"1":2,"2":2,"3":2,"4":2,"5":1,"6":1,"7":1,"8":0,"9":1,"10":2,"11":0,"12":2,"13":2,"14":1,"15":0,"16":1,"17":1,"18":1,"19":1,"20":0,"21":1},"f":{"0":1,"1":2,"2":1},"b":{"0":[2,0],"1":[0,1],"2":[1,1],"3":[0,2],"4":[2,0],"5":[0,1],"6":[0,1],"7":[1,1]},"_coverageSchema":"1a1c01bbd47fc00a2c39e90264f33305004495a9","hash":"0416a56689c909e34741ece08991cd5a7d006265"}
,"C:\\Users\\vicse\\Desktop\\rimac-service\\src\\handlers\\createPerson.js": {"path":"C:\\Users\\vicse\\Desktop\\rimac-service\\src\\handlers\\createPerson.js","statementMap":{"0":{"start":{"line":9,"column":29},"end":{"line":9,"column":51}},"1":{"start":{"line":10,"column":14},"end":{"line":10,"column":24}},"2":{"start":{"line":12,"column":20},"end":{"line":18,"column":3}},"3":{"start":{"line":20,"column":2},"end":{"line":24,"column":7}},"4":{"start":{"line":22,"column":6},"end":{"line":22,"column":25}},"5":{"start":{"line":23,"column":6},"end":{"line":23,"column":53}},"6":{"start":{"line":26,"column":2},"end":{"line":29,"column":4}},"7":{"start":{"line":32,"column":23},"end":{"line":32,"column":35}}},"fnMap":{"0":{"name":"createPerson","decl":{"start":{"line":7,"column":15},"end":{"line":7,"column":27}},"loc":{"start":{"line":7,"column":44},"end":{"line":30,"column":1}},"line":7},"1":{"name":"(anonymous_1)","decl":{"start":{"line":21,"column":11},"end":{"line":21,"column":12}},"loc":{"start":{"line":21,"column":18},"end":{"line":24,"column":5}},"line":21}},"branchMap":{},"s":{"0":1,"1":1,"2":1,"3":1,"4":1,"5":1,"6":0,"7":1},"f":{"0":1,"1":1},"b":{},"_coverageSchema":"1a1c01bbd47fc00a2c39e90264f33305004495a9","hash":"395c366ee1894d13f8eb6331a3a16b039724de7d"}
,"C:\\Users\\vicse\\Desktop\\rimac-service\\src\\tests\\z_tests\\testUtils\\eventGenerator.js": {"path":"C:\\Users\\vicse\\Desktop\\rimac-service\\src\\tests\\z_tests\\testUtils\\eventGenerator.js","statementMap":{"0":{"start":{"line":1,"column":26},"end":{"line":50,"column":1}},"1":{"start":{"line":9,"column":20},"end":{"line":48,"column":5}},"2":{"start":{"line":49,"column":4},"end":{"line":49,"column":19}},"3":{"start":{"line":52,"column":0},"end":{"line":52,"column":35}}},"fnMap":{"0":{"name":"(anonymous_0)","decl":{"start":{"line":1,"column":26},"end":{"line":1,"column":27}},"loc":{"start":{"line":8,"column":6},"end":{"line":50,"column":1}},"line":8}},"branchMap":{"0":{"loc":{"start":{"line":4,"column":4},"end":{"line":4,"column":13}},"type":"default-arg","locations":[{"start":{"line":4,"column":11},"end":{"line":4,"column":13}}],"line":4},"1":{"loc":{"start":{"line":7,"column":4},"end":{"line":7,"column":25}},"type":"default-arg","locations":[{"start":{"line":7,"column":21},"end":{"line":7,"column":25}}],"line":7},"2":{"loc":{"start":{"line":10,"column":14},"end":{"line":10,"column":48}},"type":"cond-expr","locations":[{"start":{"line":10,"column":21},"end":{"line":10,"column":41}},{"start":{"line":10,"column":44},"end":{"line":10,"column":48}}],"line":10},"3":{"loc":{"start":{"line":16,"column":24},"end":{"line":16,"column":52}},"type":"binary-expr","locations":[{"start":{"line":16,"column":24},"end":{"line":16,"column":44}},{"start":{"line":16,"column":48},"end":{"line":16,"column":52}}],"line":16},"4":{"loc":{"start":{"line":17,"column":31},"end":{"line":17,"column":56}},"type":"binary-expr","locations":[{"start":{"line":17,"column":31},"end":{"line":17,"column":48}},{"start":{"line":17,"column":52},"end":{"line":17,"column":56}}],"line":17}},"s":{"0":1,"1":1,"2":1,"3":1},"f":{"0":1},"b":{"0":[1],"1":[1],"2":[1,0],"3":[1,1],"4":[1,1]},"_coverageSchema":"1a1c01bbd47fc00a2c39e90264f33305004495a9","hash":"477a88a06577014c9676710c0e9c1c6da322b18d"}
,"C:\\Users\\vicse\\Desktop\\rimac-service\\src\\tests\\z_tests\\testUtils\\validators.js": {"path":"C:\\Users\\vicse\\Desktop\\rimac-service\\src\\tests\\z_tests\\testUtils\\validators.js","statementMap":{"0":{"start":{"line":1,"column":29},"end":{"line":9,"column":1}},"1":{"start":{"line":2,"column":40},"end":{"line":2,"column":48}},"2":{"start":{"line":4,"column":2},"end":{"line":4,"column":53}},"3":{"start":{"line":4,"column":40},"end":{"line":4,"column":53}},"4":{"start":{"line":5,"column":2},"end":{"line":5,"column":51}},"5":{"start":{"line":5,"column":38},"end":{"line":5,"column":51}},"6":{"start":{"line":6,"column":2},"end":{"line":6,"column":45}},"7":{"start":{"line":6,"column":32},"end":{"line":6,"column":45}},"8":{"start":{"line":7,"column":2},"end":{"line":7,"column":47}},"9":{"start":{"line":7,"column":34},"end":{"line":7,"column":47}},"10":{"start":{"line":8,"column":2},"end":{"line":8,"column":14}},"11":{"start":{"line":11,"column":25},"end":{"line":17,"column":1}},"12":{"start":{"line":12,"column":2},"end":{"line":12,"column":67}},"13":{"start":{"line":12,"column":54},"end":{"line":12,"column":67}},"14":{"start":{"line":13,"column":2},"end":{"line":13,"column":68}},"15":{"start":{"line":13,"column":55},"end":{"line":13,"column":68}},"16":{"start":{"line":14,"column":2},"end":{"line":14,"column":67}},"17":{"start":{"line":14,"column":54},"end":{"line":14,"column":67}},"18":{"start":{"line":16,"column":2},"end":{"line":16,"column":14}},"19":{"start":{"line":19,"column":0},"end":{"line":22,"column":2}}},"fnMap":{"0":{"name":"(anonymous_0)","decl":{"start":{"line":1,"column":29},"end":{"line":1,"column":30}},"loc":{"start":{"line":1,"column":43},"end":{"line":9,"column":1}},"line":1},"1":{"name":"(anonymous_1)","decl":{"start":{"line":11,"column":25},"end":{"line":11,"column":26}},"loc":{"start":{"line":11,"column":38},"end":{"line":17,"column":1}},"line":11}},"branchMap":{"0":{"loc":{"start":{"line":4,"column":2},"end":{"line":4,"column":53}},"type":"if","locations":[{"start":{"line":4,"column":2},"end":{"line":4,"column":53}},{"start":{"line":4,"column":2},"end":{"line":4,"column":53}}],"line":4},"1":{"loc":{"start":{"line":4,"column":6},"end":{"line":4,"column":38}},"type":"binary-expr","locations":[{"start":{"line":4,"column":6},"end":{"line":4,"column":11}},{"start":{"line":4,"column":15},"end":{"line":4,"column":23}},{"start":{"line":4,"column":27},"end":{"line":4,"column":38}}],"line":4},"2":{"loc":{"start":{"line":5,"column":2},"end":{"line":5,"column":51}},"type":"if","locations":[{"start":{"line":5,"column":2},"end":{"line":5,"column":51}},{"start":{"line":5,"column":2},"end":{"line":5,"column":51}}],"line":5},"3":{"loc":{"start":{"line":6,"column":2},"end":{"line":6,"column":45}},"type":"if","locations":[{"start":{"line":6,"column":2},"end":{"line":6,"column":45}},{"start":{"line":6,"column":2},"end":{"line":6,"column":45}}],"line":6},"4":{"loc":{"start":{"line":7,"column":2},"end":{"line":7,"column":47}},"type":"if","locations":[{"start":{"line":7,"column":2},"end":{"line":7,"column":47}},{"start":{"line":7,"column":2},"end":{"line":7,"column":47}}],"line":7},"5":{"loc":{"start":{"line":12,"column":2},"end":{"line":12,"column":67}},"type":"if","locations":[{"start":{"line":12,"column":2},"end":{"line":12,"column":67}},{"start":{"line":12,"column":2},"end":{"line":12,"column":67}}],"line":12},"6":{"loc":{"start":{"line":13,"column":2},"end":{"line":13,"column":68}},"type":"if","locations":[{"start":{"line":13,"column":2},"end":{"line":13,"column":68}},{"start":{"line":13,"column":2},"end":{"line":13,"column":68}}],"line":13},"7":{"loc":{"start":{"line":14,"column":2},"end":{"line":14,"column":67}},"type":"if","locations":[{"start":{"line":14,"column":2},"end":{"line":14,"column":67}},{"start":{"line":14,"column":2},"end":{"line":14,"column":67}}],"line":14}},"s":{"0":1,"1":0,"2":0,"3":0,"4":0,"5":0,"6":0,"7":0,"8":0,"9":0,"10":0,"11":1,"12":0,"13":0,"14":0,"15":0,"16":0,"17":0,"18":0,"19":1},"f":{"0":0,"1":0},"b":{"0":[0,0],"1":[0,0,0],"2":[0,0],"3":[0,0],"4":[0,0],"5":[0,0],"6":[0,0],"7":[0,0]},"_coverageSchema":"1a1c01bbd47fc00a2c39e90264f33305004495a9","hash":"897fe3640fd595327ec4c6e37b9df4da3e2b8684"}
}
