TN:
SF:src\client\getSpecie.js
FN:3,getSpecie
FNF:1
FNH:1
FNDA:1,getSpecie
DA:5,1
DA:6,1
DA:8,1
LF:3
LH:3
BRF:0
BRH:0
end_of_record
TN:
SF:src\db\dynamodb.js
FN:16,(anonymous_0)
FN:35,(anonymous_1)
FN:56,(anonymous_2)
FNF:3
FNH:3
FNDA:1,(anonymous_0)
FNDA:2,(anonymous_1)
FNDA:1,(anonymous_2)
DA:3,2
DA:5,2
DA:6,2
DA:13,2
DA:15,2
DA:17,1
DA:24,1
DA:26,1
DA:27,0
DA:32,1
DA:36,2
DA:37,0
DA:40,2
DA:45,2
DA:47,1
DA:48,0
DA:53,1
DA:57,1
DA:61,1
DA:63,1
DA:64,0
DA:69,1
LF:22
LH:18
BRDA:5,0,0,2
BRDA:5,0,1,0
BRDA:26,1,0,0
BRDA:26,1,1,1
BRDA:26,2,0,1
BRDA:26,2,1,1
BRDA:36,3,0,0
BRDA:36,3,1,2
BRDA:36,4,0,2
BRDA:36,4,1,0
BRDA:47,5,0,0
BRDA:47,5,1,1
BRDA:63,6,0,0
BRDA:63,6,1,1
BRDA:63,7,0,1
BRDA:63,7,1,1
BRF:16
BRH:10
end_of_record
TN:
SF:src\handlers\createPerson.js
FN:7,createPerson
FN:21,(anonymous_1)
FNF:2
FNH:2
FNDA:1,createPerson
FNDA:1,(anonymous_1)
DA:9,1
DA:10,1
DA:12,1
DA:20,1
DA:22,1
DA:23,1
DA:26,0
DA:32,1
LF:8
LH:7
BRF:0
BRH:0
end_of_record
TN:
SF:src\tests\z_tests\testUtils\eventGenerator.js
FN:1,(anonymous_0)
FNF:1
FNH:1
FNDA:1,(anonymous_0)
DA:1,1
DA:9,1
DA:49,1
DA:52,1
LF:4
LH:4
BRDA:4,0,0,1
BRDA:7,1,0,1
BRDA:10,2,0,1
BRDA:10,2,1,0
BRDA:16,3,0,1
BRDA:16,3,1,1
BRDA:17,4,0,1
BRDA:17,4,1,1
BRF:8
BRH:7
end_of_record
TN:
SF:src\tests\z_tests\testUtils\validators.js
FN:1,(anonymous_0)
FN:11,(anonymous_1)
FNF:2
FNH:0
FNDA:0,(anonymous_0)
FNDA:0,(anonymous_1)
DA:1,1
DA:2,0
DA:4,0
DA:5,0
DA:6,0
DA:7,0
DA:8,0
DA:11,1
DA:12,0
DA:13,0
DA:14,0
DA:16,0
DA:19,1
LF:13
LH:3
BRDA:4,0,0,0
BRDA:4,0,1,0
BRDA:4,1,0,0
BRDA:4,1,1,0
BRDA:4,1,2,0
BRDA:5,2,0,0
BRDA:5,2,1,0
BRDA:6,3,0,0
BRDA:6,3,1,0
BRDA:7,4,0,0
BRDA:7,4,1,0
BRDA:12,5,0,0
BRDA:12,5,1,0
BRDA:13,6,0,0
BRDA:13,6,1,0
BRDA:14,7,0,0
BRDA:14,7,1,0
BRF:17
BRH:0
end_of_record
